2026-04-22 22:13:09,980 INFO o.a.j.u.JMeterUtils: Setting Locale to en_EN
2026-04-22 22:13:09,997 INFO o.a.j.JMeter: Loading user properties from: D:\Code\docker-file-jmeter\apache-jmeter-5.6.3\bin\user.properties
2026-04-22 22:13:09,997 INFO o.a.j.JMeter: Loading system properties from: D:\Code\docker-file-jmeter\apache-jmeter-5.6.3\bin\system.properties
2026-04-22 22:13:09,997 INFO o.a.j.JMeter: Setting JMeter property: threads=200
2026-04-22 22:13:09,997 INFO o.a.j.JMeter: Setting JMeter property: ramp_up=20
2026-04-22 22:13:09,997 INFO o.a.j.JMeter: Setting JMeter property: loops=1
2026-04-22 22:13:09,997 INFO o.a.j.JMeter: Setting JMeter property: protocol=http
2026-04-22 22:13:09,997 INFO o.a.j.JMeter: Setting JMeter property: host=localhost
2026-04-22 22:13:09,997 INFO o.a.j.JMeter: Setting JMeter property: port=8080
2026-04-22 22:13:09,997 INFO o.a.j.JMeter: Setting JMeter property: base_path=/api
2026-04-22 22:13:09,997 INFO o.a.j.JMeter: Setting JMeter property: duration_seconds=60
2026-04-22 22:13:09,997 INFO o.a.j.JMeter: Setting JMeter property: interaction_csv=performance/jmeter/qps/runs/prompt_copy_20260422_215133/prompt_copy_200t_60s_data/interaction_pairs.csv
2026-04-22 22:13:10,001 INFO o.a.j.JMeter: Copyright (c) 1998-2024 The Apache Software Foundation
2026-04-22 22:13:10,001 INFO o.a.j.JMeter: Version 5.6.3
2026-04-22 22:13:10,001 INFO o.a.j.JMeter: java.version=21.0.10
2026-04-22 22:13:10,001 INFO o.a.j.JMeter: java.vm.name=OpenJDK 64-Bit Server VM
2026-04-22 22:13:10,001 INFO o.a.j.JMeter: os.name=Windows 11
2026-04-22 22:13:10,001 INFO o.a.j.JMeter: os.arch=amd64
2026-04-22 22:13:10,001 INFO o.a.j.JMeter: os.version=10.0
2026-04-22 22:13:10,001 INFO o.a.j.JMeter: file.encoding=UTF-8
2026-04-22 22:13:10,001 INFO o.a.j.JMeter: java.awt.headless=true
2026-04-22 22:13:10,001 INFO o.a.j.JMeter: Max memory     =1073741824
2026-04-22 22:13:10,001 INFO o.a.j.JMeter: Available Processors =32
2026-04-22 22:13:10,014 INFO o.a.j.JMeter: Default Locale=English (EN)
2026-04-22 22:13:10,014 INFO o.a.j.JMeter: JMeter  Locale=English (EN)
2026-04-22 22:13:10,014 INFO o.a.j.JMeter: JMeterHome=D:\Code\docker-file-jmeter\apache-jmeter-5.6.3
2026-04-22 22:13:10,014 INFO o.a.j.JMeter: user.dir  =D:\Code\java_program\ai-prompt-system - ver2
2026-04-22 22:13:10,014 INFO o.a.j.JMeter: PWD       =D:\Code\java_program\ai-prompt-system - ver2
2026-04-22 22:13:10,017 INFO o.a.j.JMeter: IP: 10.104.206.57 Name: LAPTOP-T1KMPHJ2 FullName: LAPTOP-T1KMPHJ2
2026-04-22 22:13:10,024 INFO o.a.j.s.FileServer: Default base='D:\Code\java_program\ai-prompt-system - ver2'
2026-04-22 22:13:10,026 INFO o.a.j.s.FileServer: Set new base='D:\Code\java_program\ai-prompt-system - ver2\performance\jmeter\qps'
2026-04-22 22:13:10,146 INFO o.a.j.s.SaveService: Testplan (JMX) version: 2.2. Testlog (JTL) version: 2.2
2026-04-22 22:13:10,163 INFO o.a.j.s.SaveService: Using SaveService properties version 5.0
2026-04-22 22:13:10,168 INFO o.a.j.s.SaveService: Using SaveService properties file encoding UTF-8
2026-04-22 22:13:10,168 INFO o.a.j.s.SaveService: Loading file: performance\jmeter\qps\prompt_copy_qps_test.jmx
2026-04-22 22:13:10,204 INFO o.a.j.p.h.s.HTTPSamplerBase: Parser for text/html is org.apache.jmeter.protocol.http.parser.LagartoBasedHtmlParser
2026-04-22 22:13:10,206 INFO o.a.j.p.h.s.HTTPSamplerBase: Parser for application/xhtml+xml is org.apache.jmeter.protocol.http.parser.LagartoBasedHtmlParser
2026-04-22 22:13:10,206 INFO o.a.j.p.h.s.HTTPSamplerBase: Parser for application/xml is org.apache.jmeter.protocol.http.parser.LagartoBasedHtmlParser
2026-04-22 22:13:10,206 INFO o.a.j.p.h.s.HTTPSamplerBase: Parser for text/xml is org.apache.jmeter.protocol.http.parser.LagartoBasedHtmlParser
2026-04-22 22:13:10,206 INFO o.a.j.p.h.s.HTTPSamplerBase: Parser for text/vnd.wap.wml is org.apache.jmeter.protocol.http.parser.RegexpHTMLParser
2026-04-22 22:13:10,206 INFO o.a.j.p.h.s.HTTPSamplerBase: Parser for text/css is org.apache.jmeter.protocol.http.parser.CssParser
2026-04-22 22:13:10,212 INFO o.a.j.JMeter: Creating summariser <summary>
2026-04-22 22:13:10,225 INFO o.a.j.e.StandardJMeterEngine: Running the test!
2026-04-22 22:13:10,227 INFO o.a.j.s.SampleEvent: List of sample_variables: []
2026-04-22 22:13:10,227 INFO o.a.j.s.SampleEvent: List of sample_variables: []
2026-04-22 22:13:10,230 INFO o.a.j.e.u.CompoundVariable: Note: Function class names must contain the string: '.functions.'
2026-04-22 22:13:10,230 INFO o.a.j.e.u.CompoundVariable: Note: Function class names must not contain the string: '.gui.'
2026-04-22 22:13:10,272 INFO o.a.j.JMeter: Running test (1776867190272)
2026-04-22 22:13:10,284 INFO o.a.j.e.StandardJMeterEngine: Starting ThreadGroup: 1 : Prompt Copy QPS Load
2026-04-22 22:13:10,284 INFO o.a.j.e.StandardJMeterEngine: Starting 200 threads for group Prompt Copy QPS Load.
2026-04-22 22:13:10,284 INFO o.a.j.e.StandardJMeterEngine: Thread will continue on error
2026-04-22 22:13:10,284 INFO o.a.j.t.ThreadGroup: Starting thread group... number=1 threads=200 ramp-up=20 delayedStart=false
2026-04-22 22:13:10,356 INFO o.a.j.t.ThreadGroup: Started thread group number 1
2026-04-22 22:13:10,357 INFO o.a.j.e.StandardJMeterEngine: All thread groups have been started
2026-04-22 22:13:10,472 INFO o.a.j.t.JMeterThread: Thread started: Prompt Copy QPS Load 1-1
2026-04-22 22:13:10,478 INFO o.a.j.s.FileServer: Stored: performance/jmeter/qps/runs/prompt_copy_20260422_215133/prompt_copy_200t_60s_data/interaction_pairs.csv
2026-04-22 22:13:10,540 INFO o.a.j.p.h.s.HTTPHCAbstractImpl: Local host = LAPTOP-T1KMPHJ2
2026-04-22 22:13:10,552 INFO o.a.j.p.h.s.HTTPHC4Impl: HTTP request retry count = 0
2026-04-22 22:13:10,556 INFO o.a.j.s.SampleResult: Note: Sample TimeStamps are START times
2026-04-22 22:13:10,556 INFO o.a.j.s.SampleResult: sampleresult.default.encoding is set to UTF-8
2026-04-22 22:13:10,556 INFO o.a.j.s.SampleResult: sampleresult.useNanoTime=true
2026-04-22 22:13:10,556 INFO o.a.j.s.SampleResult: sampleresult.nanoThreadSleep=5000
2026-04-22 22:13:10,574 INFO o.a.j.t.JMeterThread: Thread started: Prompt Copy QPS Load 1-2
2026-04-22 22:13:10,674 INFO o.a.j.t.JMeterThread: Thread started: Prompt Copy QPS Load 1-3
2026-04-22 22:13:10,772 INFO o.a.j.t.JMeterThread: Thread started: Prompt Copy QPS Load 1-4
2026-04-22 22:13:10,871 INFO o.a.j.t.JMeterThread: Thread started: Prompt Copy QPS Load 1-5
2026-04-22 22:13:10,971 INFO o.a.j.t.JMeterThread: Thread started: Prompt Copy QPS Load 1-6
2026-04-22 22:13:11,070 INFO o.a.j.t.JMeterThread: Thread started: Prompt Copy QPS Load 1-7
2026-04-22 22:13:11,171 INFO o.a.j.t.JMeterThread: Thread started: Prompt Copy QPS Load 1-8
2026-04-22 22:13:11,270 INFO o.a.j.t.JMeterThread: Thread started: Prompt Copy QPS Load 1-9
2026-04-22 22:13:11,370 INFO o.a.j.t.JMeterThread: Thread started: Prompt Copy QPS Load 1-10
2026-04-22 22:13:11,469 INFO o.a.j.t.JMeterThread: Thread started: Prompt Copy QPS Load 1-11
2026-04-22 22:13:11,564 INFO o.a.j.t.JMeterThread: Thread started: Prompt Copy QPS Load 1-12
2026-04-22 22:13:11,664 INFO o.a.j.t.JMeterThread: Thread started: Prompt Copy QPS Load 1-13
2026-04-22 22:13:11,763 INFO o.a.j.t.JMeterThread: Thread started: Prompt Copy QPS Load 1-14
2026-04-22 22:13:11,863 INFO o.a.j.t.JMeterThread: Thread started: Prompt Copy QPS Load 1-15
2026-04-22 22:13:11,963 INFO o.a.j.t.JMeterThread: Thread started: Prompt Copy QPS Load 1-16
2026-04-22 22:13:12,062 INFO o.a.j.t.JMeterThread: Thread started: Prompt Copy QPS Load 1-17
2026-04-22 22:13:12,163 INFO o.a.j.t.JMeterThread: Thread started: Prompt Copy QPS Load 1-18
2026-04-22 22:13:12,261 INFO o.a.j.t.JMeterThread: Thread started: Prompt Copy QPS Load 1-19
2026-04-22 22:13:12,362 INFO o.a.j.t.JMeterThread: Thread started: Prompt Copy QPS Load 1-20
2026-04-22 22:13:12,461 INFO o.a.j.t.JMeterThread: Thread started: Prompt Copy QPS Load 1-21
2026-04-22 22:13:12,560 INFO o.a.j.t.JMeterThread: Thread started: Prompt Copy QPS Load 1-22
2026-04-22 22:13:12,660 INFO o.a.j.t.JMeterThread: Thread started: Prompt Copy QPS Load 1-23
2026-04-22 22:13:12,761 INFO o.a.j.t.JMeterThread: Thread started: Prompt Copy QPS Load 1-24
2026-04-22 22:13:12,858 INFO o.a.j.t.JMeterThread: Thread started: Prompt Copy QPS Load 1-25
2026-04-22 22:13:12,958 INFO o.a.j.t.JMeterThread: Thread started: Prompt Copy QPS Load 1-26
2026-04-22 22:13:13,057 INFO o.a.j.t.JMeterThread: Thread started: Prompt Copy QPS Load 1-27
2026-04-22 22:13:13,157 INFO o.a.j.t.JMeterThread: Thread started: Prompt Copy QPS Load 1-28
2026-04-22 22:13:13,258 INFO o.a.j.t.JMeterThread: Thread started: Prompt Copy QPS Load 1-29
2026-04-22 22:13:13,356 INFO o.a.j.t.JMeterThread: Thread started: Prompt Copy QPS Load 1-30
2026-04-22 22:13:13,456 INFO o.a.j.t.JMeterThread: Thread started: Prompt Copy QPS Load 1-31
2026-04-22 22:13:13,556 INFO o.a.j.t.JMeterThread: Thread started: Prompt Copy QPS Load 1-32
2026-04-22 22:13:13,657 INFO o.a.j.t.JMeterThread: Thread started: Prompt Copy QPS Load 1-33
2026-04-22 22:13:13,756 INFO o.a.j.t.JMeterThread: Thread started: Prompt Copy QPS Load 1-34
2026-04-22 22:13:13,855 INFO o.a.j.t.JMeterThread: Thread started: Prompt Copy QPS Load 1-35
2026-04-22 22:13:13,956 INFO o.a.j.t.JMeterThread: Thread started: Prompt Copy QPS Load 1-36
2026-04-22 22:13:14,056 INFO o.a.j.t.JMeterThread: Thread started: Prompt Copy QPS Load 1-37
2026-04-22 22:13:14,154 INFO o.a.j.t.JMeterThread: Thread started: Prompt Copy QPS Load 1-38
2026-04-22 22:13:14,254 INFO o.a.j.t.JMeterThread: Thread started: Prompt Copy QPS Load 1-39
2026-04-22 22:13:14,356 INFO o.a.j.t.JMeterThread: Thread started: Prompt Copy QPS Load 1-40
2026-04-22 22:13:14,455 INFO o.a.j.t.JMeterThread: Thread started: Prompt Copy QPS Load 1-41
2026-04-22 22:13:14,555 INFO o.a.j.t.JMeterThread: Thread started: Prompt Copy QPS Load 1-42
2026-04-22 22:13:14,655 INFO o.a.j.t.JMeterThread: Thread started: Prompt Copy QPS Load 1-43
2026-04-22 22:13:14,753 INFO o.a.j.t.JMeterThread: Thread started: Prompt Copy QPS Load 1-44
2026-04-22 22:13:14,853 INFO o.a.j.t.JMeterThread: Thread started: Prompt Copy QPS Load 1-45
2026-04-22 22:13:14,952 INFO o.a.j.t.JMeterThread: Thread started: Prompt Copy QPS Load 1-46
2026-04-22 22:13:15,053 INFO o.a.j.t.JMeterThread: Thread started: Prompt Copy QPS Load 1-47
2026-04-22 22:13:15,153 INFO o.a.j.t.JMeterThread: Thread started: Prompt Copy QPS Load 1-48
2026-04-22 22:13:15,253 INFO o.a.j.t.JMeterThread: Thread started: Prompt Copy QPS Load 1-49
2026-04-22 22:13:15,351 INFO o.a.j.t.JMeterThread: Thread started: Prompt Copy QPS Load 1-50
2026-04-22 22:13:15,450 INFO o.a.j.t.JMeterThread: Thread started: Prompt Copy QPS Load 1-51
2026-04-22 22:13:15,549 INFO o.a.j.t.JMeterThread: Thread started: Prompt Copy QPS Load 1-52
2026-04-22 22:13:15,647 INFO o.a.j.t.JMeterThread: Thread started: Prompt Copy QPS Load 1-53
2026-04-22 22:13:15,748 INFO o.a.j.t.JMeterThread: Thread started: Prompt Copy QPS Load 1-54
2026-04-22 22:13:15,847 INFO o.a.j.t.JMeterThread: Thread started: Prompt Copy QPS Load 1-55
2026-04-22 22:13:15,948 INFO o.a.j.t.JMeterThread: Thread started: Prompt Copy QPS Load 1-56
2026-04-22 22:13:16,046 INFO o.a.j.t.JMeterThread: Thread started: Prompt Copy QPS Load 1-57
2026-04-22 22:13:16,145 INFO o.a.j.t.JMeterThread: Thread started: Prompt Copy QPS Load 1-58
2026-04-22 22:13:16,246 INFO o.a.j.t.JMeterThread: Thread started: Prompt Copy QPS Load 1-59
2026-04-22 22:13:16,345 INFO o.a.j.t.JMeterThread: Thread started: Prompt Copy QPS Load 1-60
2026-04-22 22:13:16,444 INFO o.a.j.t.JMeterThread: Thread started: Prompt Copy QPS Load 1-61
2026-04-22 22:13:16,544 INFO o.a.j.t.JMeterThread: Thread started: Prompt Copy QPS Load 1-62
2026-04-22 22:13:16,642 INFO o.a.j.t.JMeterThread: Thread started: Prompt Copy QPS Load 1-63
2026-04-22 22:13:16,743 INFO o.a.j.t.JMeterThread: Thread started: Prompt Copy QPS Load 1-64
2026-04-22 22:13:16,842 INFO o.a.j.t.JMeterThread: Thread started: Prompt Copy QPS Load 1-65
2026-04-22 22:13:16,942 INFO o.a.j.t.JMeterThread: Thread started: Prompt Copy QPS Load 1-66
2026-04-22 22:13:17,041 INFO o.a.j.t.JMeterThread: Thread started: Prompt Copy QPS Load 1-67
2026-04-22 22:13:17,142 INFO o.a.j.t.JMeterThread: Thread started: Prompt Copy QPS Load 1-68
2026-04-22 22:13:17,241 INFO o.a.j.t.JMeterThread: Thread started: Prompt Copy QPS Load 1-69
2026-04-22 22:13:17,341 INFO o.a.j.t.JMeterThread: Thread started: Prompt Copy QPS Load 1-70
2026-04-22 22:13:17,440 INFO o.a.j.t.JMeterThread: Thread started: Prompt Copy QPS Load 1-71
2026-04-22 22:13:17,538 INFO o.a.j.t.JMeterThread: Thread started: Prompt Copy QPS Load 1-72
2026-04-22 22:13:17,638 INFO o.a.j.t.JMeterThread: Thread started: Prompt Copy QPS Load 1-73
2026-04-22 22:13:17,738 INFO o.a.j.t.JMeterThread: Thread started: Prompt Copy QPS Load 1-74
2026-04-22 22:13:17,837 INFO o.a.j.t.JMeterThread: Thread started: Prompt Copy QPS Load 1-75
2026-04-22 22:13:17,939 INFO o.a.j.t.JMeterThread: Thread started: Prompt Copy QPS Load 1-76
2026-04-22 22:13:18,037 INFO o.a.j.t.JMeterThread: Thread started: Prompt Copy QPS Load 1-77
2026-04-22 22:13:18,137 INFO o.a.j.t.JMeterThread: Thread started: Prompt Copy QPS Load 1-78
2026-04-22 22:13:18,237 INFO o.a.j.t.JMeterThread: Thread started: Prompt Copy QPS Load 1-79
2026-04-22 22:13:18,336 INFO o.a.j.t.JMeterThread: Thread started: Prompt Copy QPS Load 1-80
2026-04-22 22:13:18,437 INFO o.a.j.t.JMeterThread: Thread started: Prompt Copy QPS Load 1-81
2026-04-22 22:13:18,536 INFO o.a.j.t.JMeterThread: Thread started: Prompt Copy QPS Load 1-82
2026-04-22 22:13:18,635 INFO o.a.j.t.JMeterThread: Thread started: Prompt Copy QPS Load 1-83
2026-04-22 22:13:18,734 INFO o.a.j.t.JMeterThread: Thread started: Prompt Copy QPS Load 1-84
2026-04-22 22:13:18,835 INFO o.a.j.t.JMeterThread: Thread started: Prompt Copy QPS Load 1-85
2026-04-22 22:13:18,935 INFO o.a.j.t.JMeterThread: Thread started: Prompt Copy QPS Load 1-86
2026-04-22 22:13:19,035 INFO o.a.j.t.JMeterThread: Thread started: Prompt Copy QPS Load 1-87
2026-04-22 22:13:19,135 INFO o.a.j.t.JMeterThread: Thread started: Prompt Copy QPS Load 1-88
2026-04-22 22:13:19,235 INFO o.a.j.t.JMeterThread: Thread started: Prompt Copy QPS Load 1-89
2026-04-22 22:13:19,335 INFO o.a.j.t.JMeterThread: Thread started: Prompt Copy QPS Load 1-90
2026-04-22 22:13:19,436 INFO o.a.j.t.JMeterThread: Thread started: Prompt Copy QPS Load 1-91
2026-04-22 22:13:19,542 INFO o.a.j.t.JMeterThread: Thread started: Prompt Copy QPS Load 1-92
2026-04-22 22:13:19,634 INFO o.a.j.t.JMeterThread: Thread started: Prompt Copy QPS Load 1-93
2026-04-22 22:13:19,739 INFO o.a.j.t.JMeterThread: Thread started: Prompt Copy QPS Load 1-94
2026-04-22 22:13:19,833 INFO o.a.j.t.JMeterThread: Thread started: Prompt Copy QPS Load 1-95
2026-04-22 22:13:19,938 INFO o.a.j.t.JMeterThread: Thread started: Prompt Copy QPS Load 1-96
2026-04-22 22:13:20,042 INFO o.a.j.t.JMeterThread: Thread started: Prompt Copy QPS Load 1-97
2026-04-22 22:13:20,141 INFO o.a.j.t.JMeterThread: Thread started: Prompt Copy QPS Load 1-98
2026-04-22 22:13:20,238 INFO o.a.j.t.JMeterThread: Thread started: Prompt Copy QPS Load 1-99
2026-04-22 22:13:20,344 INFO o.a.j.t.JMeterThread: Thread started: Prompt Copy QPS Load 1-100
2026-04-22 22:13:20,441 INFO o.a.j.t.JMeterThread: Thread started: Prompt Copy QPS Load 1-101
2026-04-22 22:13:20,534 INFO o.a.j.t.JMeterThread: Thread started: Prompt Copy QPS Load 1-102
2026-04-22 22:13:20,633 INFO o.a.j.t.JMeterThread: Thread started: Prompt Copy QPS Load 1-103
2026-04-22 22:13:20,736 INFO o.a.j.t.JMeterThread: Thread started: Prompt Copy QPS Load 1-104
2026-04-22 22:13:20,838 INFO o.a.j.t.JMeterThread: Thread started: Prompt Copy QPS Load 1-105
2026-04-22 22:13:20,928 INFO o.a.j.t.JMeterThread: Thread started: Prompt Copy QPS Load 1-106
2026-04-22 22:13:21,032 INFO o.a.j.t.JMeterThread: Thread started: Prompt Copy QPS Load 1-107
2026-04-22 22:13:21,134 INFO o.a.j.t.JMeterThread: Thread started: Prompt Copy QPS Load 1-108
2026-04-22 22:13:21,228 INFO o.a.j.t.JMeterThread: Thread started: Prompt Copy QPS Load 1-109
2026-04-22 22:13:21,328 INFO o.a.j.t.JMeterThread: Thread started: Prompt Copy QPS Load 1-110
2026-04-22 22:13:21,439 INFO o.a.j.t.JMeterThread: Thread started: Prompt Copy QPS Load 1-111
2026-04-22 22:13:21,526 INFO o.a.j.t.JMeterThread: Thread started: Prompt Copy QPS Load 1-112
2026-04-22 22:13:21,639 INFO o.a.j.t.JMeterThread: Thread started: Prompt Copy QPS Load 1-113
2026-04-22 22:13:21,728 INFO o.a.j.t.JMeterThread: Thread started: Prompt Copy QPS Load 1-114
2026-04-22 22:13:21,828 INFO o.a.j.t.JMeterThread: Thread started: Prompt Copy QPS Load 1-115
2026-04-22 22:13:21,928 INFO o.a.j.t.JMeterThread: Thread started: Prompt Copy QPS Load 1-116
2026-04-22 22:13:22,025 INFO o.a.j.t.JMeterThread: Thread started: Prompt Copy QPS Load 1-117
2026-04-22 22:13:22,125 INFO o.a.j.t.JMeterThread: Thread started: Prompt Copy QPS Load 1-118
2026-04-22 22:13:22,229 INFO o.a.j.t.JMeterThread: Thread started: Prompt Copy QPS Load 1-119
2026-04-22 22:13:22,325 INFO o.a.j.t.JMeterThread: Thread started: Prompt Copy QPS Load 1-120
2026-04-22 22:13:22,429 INFO o.a.j.t.JMeterThread: Thread started: Prompt Copy QPS Load 1-121
2026-04-22 22:13:22,526 INFO o.a.j.t.JMeterThread: Thread started: Prompt Copy QPS Load 1-122
2026-04-22 22:13:22,624 INFO o.a.j.t.JMeterThread: Thread started: Prompt Copy QPS Load 1-123
2026-04-22 22:13:22,725 INFO o.a.j.t.JMeterThread: Thread started: Prompt Copy QPS Load 1-124
2026-04-22 22:13:22,830 INFO o.a.j.t.JMeterThread: Thread started: Prompt Copy QPS Load 1-125
2026-04-22 22:13:22,930 INFO o.a.j.t.JMeterThread: Thread started: Prompt Copy QPS Load 1-126
2026-04-22 22:13:23,024 INFO o.a.j.t.JMeterThread: Thread started: Prompt Copy QPS Load 1-127
2026-04-22 22:13:23,124 INFO o.a.j.t.JMeterThread: Thread started: Prompt Copy QPS Load 1-128
2026-04-22 22:13:23,221 INFO o.a.j.t.JMeterThread: Thread started: Prompt Copy QPS Load 1-129
2026-04-22 22:13:23,333 INFO o.a.j.t.JMeterThread: Thread started: Prompt Copy QPS Load 1-130
2026-04-22 22:13:23,433 INFO o.a.j.t.JMeterThread: Thread started: Prompt Copy QPS Load 1-131
2026-04-22 22:13:23,521 INFO o.a.j.t.JMeterThread: Thread started: Prompt Copy QPS Load 1-132
2026-04-22 22:13:23,630 INFO o.a.j.t.JMeterThread: Thread started: Prompt Copy QPS Load 1-133
2026-04-22 22:13:23,728 INFO o.a.j.t.JMeterThread: Thread started: Prompt Copy QPS Load 1-134
2026-04-22 22:13:23,830 INFO o.a.j.t.JMeterThread: Thread started: Prompt Copy QPS Load 1-135
2026-04-22 22:13:23,923 INFO o.a.j.t.JMeterThread: Thread started: Prompt Copy QPS Load 1-136
2026-04-22 22:13:24,023 INFO o.a.j.t.JMeterThread: Thread started: Prompt Copy QPS Load 1-137
2026-04-22 22:13:24,124 INFO o.a.j.t.JMeterThread: Thread started: Prompt Copy QPS Load 1-138
2026-04-22 22:13:24,228 INFO o.a.j.t.JMeterThread: Thread started: Prompt Copy QPS Load 1-139
2026-04-22 22:13:24,317 INFO o.a.j.t.JMeterThread: Thread started: Prompt Copy QPS Load 1-140
2026-04-22 22:13:24,423 INFO o.a.j.t.JMeterThread: Thread started: Prompt Copy QPS Load 1-141
2026-04-22 22:13:24,525 INFO o.a.j.t.JMeterThread: Thread started: Prompt Copy QPS Load 1-142
2026-04-22 22:13:24,618 INFO o.a.j.t.JMeterThread: Thread started: Prompt Copy QPS Load 1-143
2026-04-22 22:13:24,724 INFO o.a.j.t.JMeterThread: Thread started: Prompt Copy QPS Load 1-144
2026-04-22 22:13:24,821 INFO o.a.j.t.JMeterThread: Thread started: Prompt Copy QPS Load 1-145
2026-04-22 22:13:24,924 INFO o.a.j.t.JMeterThread: Thread started: Prompt Copy QPS Load 1-146
2026-04-22 22:13:25,031 INFO o.a.j.t.JMeterThread: Thread started: Prompt Copy QPS Load 1-147
2026-04-22 22:13:25,126 INFO o.a.j.t.JMeterThread: Thread started: Prompt Copy QPS Load 1-148
2026-04-22 22:13:25,217 INFO o.a.j.t.JMeterThread: Thread started: Prompt Copy QPS Load 1-149
2026-04-22 22:13:25,326 INFO o.a.j.t.JMeterThread: Thread started: Prompt Copy QPS Load 1-150
2026-04-22 22:13:25,421 INFO o.a.j.t.JMeterThread: Thread started: Prompt Copy QPS Load 1-151
2026-04-22 22:13:25,527 INFO o.a.j.t.JMeterThread: Thread started: Prompt Copy QPS Load 1-152
2026-04-22 22:13:25,613 INFO o.a.j.t.JMeterThread: Thread started: Prompt Copy QPS Load 1-153
2026-04-22 22:13:25,718 INFO o.a.j.t.JMeterThread: Thread started: Prompt Copy QPS Load 1-154
2026-04-22 22:13:25,822 INFO o.a.j.t.JMeterThread: Thread started: Prompt Copy QPS Load 1-155
2026-04-22 22:13:25,913 INFO o.a.j.t.JMeterThread: Thread started: Prompt Copy QPS Load 1-156
2026-04-22 22:13:26,015 INFO o.a.j.t.JMeterThread: Thread started: Prompt Copy QPS Load 1-157
2026-04-22 22:13:26,125 INFO o.a.j.t.JMeterThread: Thread started: Prompt Copy QPS Load 1-158
2026-04-22 22:13:26,217 INFO o.a.j.t.JMeterThread: Thread started: Prompt Copy QPS Load 1-159
2026-04-22 22:13:26,321 INFO o.a.j.t.JMeterThread: Thread started: Prompt Copy QPS Load 1-160
2026-04-22 22:13:26,422 INFO o.a.j.t.JMeterThread: Thread started: Prompt Copy QPS Load 1-161
2026-04-22 22:13:26,519 INFO o.a.j.t.JMeterThread: Thread started: Prompt Copy QPS Load 1-162
2026-04-22 22:13:26,613 INFO o.a.j.t.JMeterThread: Thread started: Prompt Copy QPS Load 1-163
2026-04-22 22:13:26,722 INFO o.a.j.t.JMeterThread: Thread started: Prompt Copy QPS Load 1-164
2026-04-22 22:13:26,820 INFO o.a.j.t.JMeterThread: Thread started: Prompt Copy QPS Load 1-165
2026-04-22 22:13:26,917 INFO o.a.j.t.JMeterThread: Thread started: Prompt Copy QPS Load 1-166
2026-04-22 22:13:27,015 INFO o.a.j.t.JMeterThread: Thread started: Prompt Copy QPS Load 1-167
2026-04-22 22:13:27,113 INFO o.a.j.t.JMeterThread: Thread started: Prompt Copy QPS Load 1-168
2026-04-22 22:13:27,209 INFO o.a.j.t.JMeterThread: Thread started: Prompt Copy QPS Load 1-169
2026-04-22 22:13:27,313 INFO o.a.j.t.JMeterThread: Thread started: Prompt Copy QPS Load 1-170
2026-04-22 22:13:27,424 INFO o.a.j.t.JMeterThread: Thread started: Prompt Copy QPS Load 1-171
2026-04-22 22:13:27,510 INFO o.a.j.t.JMeterThread: Thread started: Prompt Copy QPS Load 1-172
2026-04-22 22:13:27,609 INFO o.a.j.t.JMeterThread: Thread started: Prompt Copy QPS Load 1-173
2026-04-22 22:13:27,719 INFO o.a.j.t.JMeterThread: Thread started: Prompt Copy QPS Load 1-174
2026-04-22 22:13:27,809 INFO o.a.j.t.JMeterThread: Thread started: Prompt Copy QPS Load 1-175
2026-04-22 22:13:27,907 INFO o.a.j.t.JMeterThread: Thread started: Prompt Copy QPS Load 1-176
2026-04-22 22:13:28,007 INFO o.a.j.t.JMeterThread: Thread started: Prompt Copy QPS Load 1-177
2026-04-22 22:13:28,109 INFO o.a.j.t.JMeterThread: Thread started: Prompt Copy QPS Load 1-178
2026-04-22 22:13:28,213 INFO o.a.j.t.JMeterThread: Thread started: Prompt Copy QPS Load 1-179
2026-04-22 22:13:28,309 INFO o.a.j.t.JMeterThread: Thread started: Prompt Copy QPS Load 1-180
2026-04-22 22:13:28,407 INFO o.a.j.t.JMeterThread: Thread started: Prompt Copy QPS Load 1-181
2026-04-22 22:13:28,509 INFO o.a.j.t.JMeterThread: Thread started: Prompt Copy QPS Load 1-182
2026-04-22 22:13:28,613 INFO o.a.j.t.JMeterThread: Thread started: Prompt Copy QPS Load 1-183
2026-04-22 22:13:28,709 INFO o.a.j.t.JMeterThread: Thread started: Prompt Copy QPS Load 1-184
2026-04-22 22:13:28,807 INFO o.a.j.t.JMeterThread: Thread started: Prompt Copy QPS Load 1-185
2026-04-22 22:13:28,909 INFO o.a.j.t.JMeterThread: Thread started: Prompt Copy QPS Load 1-186
2026-04-22 22:13:29,007 INFO o.a.j.t.JMeterThread: Thread started: Prompt Copy QPS Load 1-187
2026-04-22 22:13:29,109 INFO o.a.j.t.JMeterThread: Thread started: Prompt Copy QPS Load 1-188
2026-04-22 22:13:29,205 INFO o.a.j.t.JMeterThread: Thread started: Prompt Copy QPS Load 1-189
2026-04-22 22:13:29,305 INFO o.a.j.t.JMeterThread: Thread started: Prompt Copy QPS Load 1-190
2026-04-22 22:13:29,405 INFO o.a.j.t.JMeterThread: Thread started: Prompt Copy QPS Load 1-191
2026-04-22 22:13:29,509 INFO o.a.j.t.JMeterThread: Thread started: Prompt Copy QPS Load 1-192
2026-04-22 22:13:29,609 INFO o.a.j.t.JMeterThread: Thread started: Prompt Copy QPS Load 1-193
2026-04-22 22:13:29,707 INFO o.a.j.t.JMeterThread: Thread started: Prompt Copy QPS Load 1-194
2026-04-22 22:13:29,809 INFO o.a.j.t.JMeterThread: Thread started: Prompt Copy QPS Load 1-195
2026-04-22 22:13:29,907 INFO o.a.j.t.JMeterThread: Thread started: Prompt Copy QPS Load 1-196
2026-04-22 22:13:30,003 INFO o.a.j.r.Summariser: summary +  44015 in 00:00:20 = 2231.0/s Avg:    43 Min:     7 Max:   130 Err:     0 (0.00%) Active: 196 Started: 196 Finished: 0
2026-04-22 22:13:30,008 INFO o.a.j.t.JMeterThread: Thread started: Prompt Copy QPS Load 1-197
2026-04-22 22:13:30,102 INFO o.a.j.t.JMeterThread: Thread started: Prompt Copy QPS Load 1-198
2026-04-22 22:13:30,212 INFO o.a.j.t.JMeterThread: Thread started: Prompt Copy QPS Load 1-199
2026-04-22 22:13:30,309 INFO o.a.j.t.JMeterThread: Thread started: Prompt Copy QPS Load 1-200
2026-04-22 22:14:00,003 INFO o.a.j.r.Summariser: summary +  73703 in 00:00:30 = 2456.7/s Avg:    81 Min:    13 Max:   164 Err:     0 (0.00%) Active: 200 Started: 200 Finished: 0
2026-04-22 22:14:00,003 INFO o.a.j.r.Summariser: summary = 117718 in 00:00:50 = 2367.1/s Avg:    67 Min:     7 Max:   164 Err:     0 (0.00%)
2026-04-22 22:14:10,303 INFO o.a.j.t.JMeterThread: Stopping because end time detected by thread: Prompt Copy QPS Load 1-4
2026-04-22 22:14:10,303 INFO o.a.j.t.JMeterThread: Stopping because end time detected by thread: Prompt Copy QPS Load 1-29
2026-04-22 22:14:10,303 INFO o.a.j.t.JMeterThread: Thread finished: Prompt Copy QPS Load 1-4
2026-04-22 22:14:10,303 INFO o.a.j.t.JMeterThread: Thread finished: Prompt Copy QPS Load 1-29
2026-04-22 22:14:10,306 INFO o.a.j.t.JMeterThread: Stopping because end time detected by thread: Prompt Copy QPS Load 1-26
2026-04-22 22:14:10,306 INFO o.a.j.t.JMeterThread: Thread finished: Prompt Copy QPS Load 1-26
2026-04-22 22:14:10,306 INFO o.a.j.t.JMeterThread: Stopping because end time detected by thread: Prompt Copy QPS Load 1-32
2026-04-22 22:14:10,306 INFO o.a.j.t.JMeterThread: Stopping because end time detected by thread: Prompt Copy QPS Load 1-27
2026-04-22 22:14:10,306 INFO o.a.j.t.JMeterThread: Stopping because end time detected by thread: Prompt Copy QPS Load 1-35
2026-04-22 22:14:10,306 INFO o.a.j.t.JMeterThread: Thread finished: Prompt Copy QPS Load 1-32
2026-04-22 22:14:10,306 INFO o.a.j.t.JMeterThread: Thread finished: Prompt Copy QPS Load 1-27
2026-04-22 22:14:10,306 INFO o.a.j.t.JMeterThread: Thread finished: Prompt Copy QPS Load 1-35
2026-04-22 22:14:10,309 INFO o.a.j.t.JMeterThread: Stopping because end time detected by thread: Prompt Copy QPS Load 1-13
2026-04-22 22:14:10,309 INFO o.a.j.t.JMeterThread: Stopping because end time detected by thread: Prompt Copy QPS Load 1-6
2026-04-22 22:14:10,310 INFO o.a.j.t.JMeterThread: Thread finished: Prompt Copy QPS Load 1-13
2026-04-22 22:14:10,309 INFO o.a.j.t.JMeterThread: Stopping because end time detected by thread: Prompt Copy QPS Load 1-46
2026-04-22 22:14:10,310 INFO o.a.j.t.JMeterThread: Thread finished: Prompt Copy QPS Load 1-6
2026-04-22 22:14:10,310 INFO o.a.j.t.JMeterThread: Thread finished: Prompt Copy QPS Load 1-46
2026-04-22 22:14:10,310 INFO o.a.j.t.JMeterThread: Stopping because end time detected by thread: Prompt Copy QPS Load 1-57
2026-04-22 22:14:10,310 INFO o.a.j.t.JMeterThread: Thread finished: Prompt Copy QPS Load 1-57
2026-04-22 22:14:10,316 INFO o.a.j.t.JMeterThread: Stopping because end time detected by thread: Prompt Copy QPS Load 1-62
2026-04-22 22:14:10,316 INFO o.a.j.t.JMeterThread: Stopping because end time detected by thread: Prompt Copy QPS Load 1-16
2026-04-22 22:14:10,316 INFO o.a.j.t.JMeterThread: Stopping because end time detected by thread: Prompt Copy QPS Load 1-1
2026-04-22 22:14:10,316 INFO o.a.j.t.JMeterThread: Thread finished: Prompt Copy QPS Load 1-62
2026-04-22 22:14:10,316 INFO o.a.j.t.JMeterThread: Thread finished: Prompt Copy QPS Load 1-1
2026-04-22 22:14:10,316 INFO o.a.j.t.JMeterThread: Thread finished: Prompt Copy QPS Load 1-16
2026-04-22 22:14:10,317 INFO o.a.j.t.JMeterThread: Stopping because end time detected by thread: Prompt Copy QPS Load 1-8
2026-04-22 22:14:10,317 INFO o.a.j.t.JMeterThread: Thread finished: Prompt Copy QPS Load 1-8
2026-04-22 22:14:10,319 INFO o.a.j.t.JMeterThread: Stopping because end time detected by thread: Prompt Copy QPS Load 1-2
2026-04-22 22:14:10,319 INFO o.a.j.t.JMeterThread: Thread finished: Prompt Copy QPS Load 1-2
2026-04-22 22:14:10,319 INFO o.a.j.t.JMeterThread: Stopping because end time detected by thread: Prompt Copy QPS Load 1-58
2026-04-22 22:14:10,319 INFO o.a.j.t.JMeterThread: Thread finished: Prompt Copy QPS Load 1-58
2026-04-22 22:14:10,319 INFO o.a.j.t.JMeterThread: Stopping because end time detected by thread: Prompt Copy QPS Load 1-9
2026-04-22 22:14:10,319 INFO o.a.j.t.JMeterThread: Thread finished: Prompt Copy QPS Load 1-9
2026-04-22 22:14:10,321 INFO o.a.j.t.JMeterThread: Stopping because end time detected by thread: Prompt Copy QPS Load 1-64
2026-04-22 22:14:10,321 INFO o.a.j.t.JMeterThread: Stopping because end time detected by thread: Prompt Copy QPS Load 1-15
2026-04-22 22:14:10,321 INFO o.a.j.t.JMeterThread: Stopping because end time detected by thread: Prompt Copy QPS Load 1-67
2026-04-22 22:14:10,321 INFO o.a.j.t.JMeterThread: Thread finished: Prompt Copy QPS Load 1-64
2026-04-22 22:14:10,321 INFO o.a.j.t.JMeterThread: Thread finished: Prompt Copy QPS Load 1-15
2026-04-22 22:14:10,321 INFO o.a.j.t.JMeterThread: Thread finished: Prompt Copy QPS Load 1-67
2026-04-22 22:14:10,321 INFO o.a.j.t.JMeterThread: Stopping because end time detected by thread: Prompt Copy QPS Load 1-53
2026-04-22 22:14:10,321 INFO o.a.j.t.JMeterThread: Thread finished: Prompt Copy QPS Load 1-53
2026-04-22 22:14:10,324 INFO o.a.j.t.JMeterThread: Stopping because end time detected by thread: Prompt Copy QPS Load 1-77
2026-04-22 22:14:10,324 INFO o.a.j.t.JMeterThread: Stopping because end time detected by thread: Prompt Copy QPS Load 1-39
2026-04-22 22:14:10,324 INFO o.a.j.t.JMeterThread: Stopping because end time detected by thread: Prompt Copy QPS Load 1-38
2026-04-22 22:14:10,324 INFO o.a.j.t.JMeterThread: Thread finished: Prompt Copy QPS Load 1-77
2026-04-22 22:14:10,324 INFO o.a.j.t.JMeterThread: Thread finished: Prompt Copy QPS Load 1-39
2026-04-22 22:14:10,324 INFO o.a.j.t.JMeterThread: Thread finished: Prompt Copy QPS Load 1-38
2026-04-22 22:14:10,327 INFO o.a.j.t.JMeterThread: Stopping because end time detected by thread: Prompt Copy QPS Load 1-30
2026-04-22 22:14:10,327 INFO o.a.j.t.JMeterThread: Thread finished: Prompt Copy QPS Load 1-30
2026-04-22 22:14:10,327 INFO o.a.j.t.JMeterThread: Stopping because end time detected by thread: Prompt Copy QPS Load 1-84
2026-04-22 22:14:10,327 INFO o.a.j.t.JMeterThread: Thread finished: Prompt Copy QPS Load 1-84
2026-04-22 22:14:10,327 INFO o.a.j.t.JMeterThread: Stopping because end time detected by thread: Prompt Copy QPS Load 1-28
2026-04-22 22:14:10,327 INFO o.a.j.t.JMeterThread: Stopping because end time detected by thread: Prompt Copy QPS Load 1-45
2026-04-22 22:14:10,327 INFO o.a.j.t.JMeterThread: Thread finished: Prompt Copy QPS Load 1-28
2026-04-22 22:14:10,327 INFO o.a.j.t.JMeterThread: Thread finished: Prompt Copy QPS Load 1-45
2026-04-22 22:14:10,327 INFO o.a.j.t.JMeterThread: Stopping because end time detected by thread: Prompt Copy QPS Load 1-83
2026-04-22 22:14:10,327 INFO o.a.j.t.JMeterThread: Stopping because end time detected by thread: Prompt Copy QPS Load 1-92
2026-04-22 22:14:10,327 INFO o.a.j.t.JMeterThread: Stopping because end time detected by thread: Prompt Copy QPS Load 1-41
2026-04-22 22:14:10,327 INFO o.a.j.t.JMeterThread: Thread finished: Prompt Copy QPS Load 1-92
2026-04-22 22:14:10,327 INFO o.a.j.t.JMeterThread: Thread finished: Prompt Copy QPS Load 1-83
2026-04-22 22:14:10,327 INFO o.a.j.t.JMeterThread: Stopping because end time detected by thread: Prompt Copy QPS Load 1-17
2026-04-22 22:14:10,327 INFO o.a.j.t.JMeterThread: Thread finished: Prompt Copy QPS Load 1-41
2026-04-22 22:14:10,329 INFO o.a.j.t.JMeterThread: Thread finished: Prompt Copy QPS Load 1-17
2026-04-22 22:14:10,332 INFO o.a.j.t.JMeterThread: Stopping because end time detected by thread: Prompt Copy QPS Load 1-50
2026-04-22 22:14:10,332 INFO o.a.j.t.JMeterThread: Stopping because end time detected by thread: Prompt Copy QPS Load 1-54
2026-04-22 22:14:10,332 INFO o.a.j.t.JMeterThread: Stopping because end time detected by thread: Prompt Copy QPS Load 1-37
2026-04-22 22:14:10,332 INFO o.a.j.t.JMeterThread: Thread finished: Prompt Copy QPS Load 1-50
2026-04-22 22:14:10,332 INFO o.a.j.t.JMeterThread: Stopping because end time detected by thread: Prompt Copy QPS Load 1-94
2026-04-22 22:14:10,332 INFO o.a.j.t.JMeterThread: Stopping because end time detected by thread: Prompt Copy QPS Load 1-14
2026-04-22 22:14:10,332 INFO o.a.j.t.JMeterThread: Thread finished: Prompt Copy QPS Load 1-54
2026-04-22 22:14:10,332 INFO o.a.j.t.JMeterThread: Thread finished: Prompt Copy QPS Load 1-37
2026-04-22 22:14:10,332 INFO o.a.j.t.JMeterThread: Thread finished: Prompt Copy QPS Load 1-14
2026-04-22 22:14:10,332 INFO o.a.j.t.JMeterThread: Thread finished: Prompt Copy QPS Load 1-94
2026-04-22 22:14:10,332 INFO o.a.j.t.JMeterThread: Stopping because end time detected by thread: Prompt Copy QPS Load 1-33
2026-04-22 22:14:10,333 INFO o.a.j.t.JMeterThread: Thread finished: Prompt Copy QPS Load 1-33
2026-04-22 22:14:10,335 INFO o.a.j.t.JMeterThread: Stopping because end time detected by thread: Prompt Copy QPS Load 1-24
2026-04-22 22:14:10,335 INFO o.a.j.t.JMeterThread: Stopping because end time detected by thread: Prompt Copy QPS Load 1-101
2026-04-22 22:14:10,335 INFO o.a.j.t.JMeterThread: Stopping because end time detected by thread: Prompt Copy QPS Load 1-82
2026-04-22 22:14:10,335 INFO o.a.j.t.JMeterThread: Thread finished: Prompt Copy QPS Load 1-101
2026-04-22 22:14:10,335 INFO o.a.j.t.JMeterThread: Thread finished: Prompt Copy QPS Load 1-24
2026-04-22 22:14:10,335 INFO o.a.j.t.JMeterThread: Thread finished: Prompt Copy QPS Load 1-82
2026-04-22 22:14:10,335 INFO o.a.j.t.JMeterThread: Stopping because end time detected by thread: Prompt Copy QPS Load 1-90
2026-04-22 22:14:10,335 INFO o.a.j.t.JMeterThread: Stopping because end time detected by thread: Prompt Copy QPS Load 1-91
2026-04-22 22:14:10,336 INFO o.a.j.t.JMeterThread: Thread finished: Prompt Copy QPS Load 1-90
2026-04-22 22:14:10,336 INFO o.a.j.t.JMeterThread: Thread finished: Prompt Copy QPS Load 1-91
2026-04-22 22:14:10,336 INFO o.a.j.t.JMeterThread: Stopping because end time detected by thread: Prompt Copy QPS Load 1-43
2026-04-22 22:14:10,336 INFO o.a.j.t.JMeterThread: Stopping because end time detected by thread: Prompt Copy QPS Load 1-100
2026-04-22 22:14:10,336 INFO o.a.j.t.JMeterThread: Thread finished: Prompt Copy QPS Load 1-43
2026-04-22 22:14:10,336 INFO o.a.j.t.JMeterThread: Thread finished: Prompt Copy QPS Load 1-100
2026-04-22 22:14:10,339 INFO o.a.j.t.JMeterThread: Stopping because end time detected by thread: Prompt Copy QPS Load 1-59
2026-04-22 22:14:10,339 INFO o.a.j.t.JMeterThread: Thread finished: Prompt Copy QPS Load 1-59
2026-04-22 22:14:10,339 INFO o.a.j.t.JMeterThread: Stopping because end time detected by thread: Prompt Copy QPS Load 1-48
2026-04-22 22:14:10,339 INFO o.a.j.t.JMeterThread: Stopping because end time detected by thread: Prompt Copy QPS Load 1-124
2026-04-22 22:14:10,339 INFO o.a.j.t.JMeterThread: Stopping because end time detected by thread: Prompt Copy QPS Load 1-22
2026-04-22 22:14:10,339 INFO o.a.j.t.JMeterThread: Thread finished: Prompt Copy QPS Load 1-124
2026-04-22 22:14:10,339 INFO o.a.j.t.JMeterThread: Thread finished: Prompt Copy QPS Load 1-48
2026-04-22 22:14:10,339 INFO o.a.j.t.JMeterThread: Thread finished: Prompt Copy QPS Load 1-22
2026-04-22 22:14:10,339 INFO o.a.j.t.JMeterThread: Stopping because end time detected by thread: Prompt Copy QPS Load 1-122
2026-04-22 22:14:10,339 INFO o.a.j.t.JMeterThread: Stopping because end time detected by thread: Prompt Copy QPS Load 1-49
2026-04-22 22:14:10,339 INFO o.a.j.t.JMeterThread: Stopping because end time detected by thread: Prompt Copy QPS Load 1-25
2026-04-22 22:14:10,339 INFO o.a.j.t.JMeterThread: Stopping because end time detected by thread: Prompt Copy QPS Load 1-87
2026-04-22 22:14:10,339 INFO o.a.j.t.JMeterThread: Thread finished: Prompt Copy QPS Load 1-49
2026-04-22 22:14:10,339 INFO o.a.j.t.JMeterThread: Stopping because end time detected by thread: Prompt Copy QPS Load 1-116
2026-04-22 22:14:10,339 INFO o.a.j.t.JMeterThread: Thread finished: Prompt Copy QPS Load 1-87
2026-04-22 22:14:10,339 INFO o.a.j.t.JMeterThread: Thread finished: Prompt Copy QPS Load 1-25
2026-04-22 22:14:10,339 INFO o.a.j.t.JMeterThread: Thread finished: Prompt Copy QPS Load 1-122
2026-04-22 22:14:10,339 INFO o.a.j.t.JMeterThread: Thread finished: Prompt Copy QPS Load 1-116
2026-04-22 22:14:10,341 INFO o.a.j.t.JMeterThread: Stopping because end time detected by thread: Prompt Copy QPS Load 1-66
2026-04-22 22:14:10,341 INFO o.a.j.t.JMeterThread: Stopping because end time detected by thread: Prompt Copy QPS Load 1-112
2026-04-22 22:14:10,342 INFO o.a.j.t.JMeterThread: Stopping because end time detected by thread: Prompt Copy QPS Load 1-34
2026-04-22 22:14:10,342 INFO o.a.j.t.JMeterThread: Stopping because end time detected by thread: Prompt Copy QPS Load 1-7
2026-04-22 22:14:10,342 INFO o.a.j.t.JMeterThread: Stopping because end time detected by thread: Prompt Copy QPS Load 1-65
2026-04-22 22:14:10,342 INFO o.a.j.t.JMeterThread: Thread finished: Prompt Copy QPS Load 1-7
2026-04-22 22:14:10,342 INFO o.a.j.t.JMeterThread: Stopping because end time detected by thread: Prompt Copy QPS Load 1-11
2026-04-22 22:14:10,342 INFO o.a.j.t.JMeterThread: Stopping because end time detected by thread: Prompt Copy QPS Load 1-10
2026-04-22 22:14:10,342 INFO o.a.j.t.JMeterThread: Thread finished: Prompt Copy QPS Load 1-112
2026-04-22 22:14:10,342 INFO o.a.j.t.JMeterThread: Thread finished: Prompt Copy QPS Load 1-66
2026-04-22 22:14:10,342 INFO o.a.j.t.JMeterThread: Stopping because end time detected by thread: Prompt Copy QPS Load 1-88
2026-04-22 22:14:10,342 INFO o.a.j.t.JMeterThread: Stopping because end time detected by thread: Prompt Copy QPS Load 1-114
2026-04-22 22:14:10,342 INFO o.a.j.t.JMeterThread: Thread finished: Prompt Copy QPS Load 1-10
2026-04-22 22:14:10,342 INFO o.a.j.t.JMeterThread: Thread finished: Prompt Copy QPS Load 1-34
2026-04-22 22:14:10,342 INFO o.a.j.t.JMeterThread: Thread finished: Prompt Copy QPS Load 1-88
2026-04-22 22:14:10,342 INFO o.a.j.t.JMeterThread: Stopping because end time detected by thread: Prompt Copy QPS Load 1-55
2026-04-22 22:14:10,342 INFO o.a.j.t.JMeterThread: Thread finished: Prompt Copy QPS Load 1-55
2026-04-22 22:14:10,342 INFO o.a.j.t.JMeterThread: Stopping because end time detected by thread: Prompt Copy QPS Load 1-125
2026-04-22 22:14:10,342 INFO o.a.j.t.JMeterThread: Stopping because end time detected by thread: Prompt Copy QPS Load 1-136
2026-04-22 22:14:10,342 INFO o.a.j.t.JMeterThread: Stopping because end time detected by thread: Prompt Copy QPS Load 1-73
2026-04-22 22:14:10,342 INFO o.a.j.t.JMeterThread: Thread finished: Prompt Copy QPS Load 1-125
2026-04-22 22:14:10,342 INFO o.a.j.t.JMeterThread: Thread finished: Prompt Copy QPS Load 1-73
2026-04-22 22:14:10,342 INFO o.a.j.t.JMeterThread: Thread finished: Prompt Copy QPS Load 1-65
2026-04-22 22:14:10,343 INFO o.a.j.t.JMeterThread: Thread finished: Prompt Copy QPS Load 1-11
2026-04-22 22:14:10,342 INFO o.a.j.t.JMeterThread: Thread finished: Prompt Copy QPS Load 1-114
2026-04-22 22:14:10,342 INFO o.a.j.t.JMeterThread: Stopping because end time detected by thread: Prompt Copy QPS Load 1-61
2026-04-22 22:14:10,343 INFO o.a.j.t.JMeterThread: Thread finished: Prompt Copy QPS Load 1-136
2026-04-22 22:14:10,343 INFO o.a.j.t.JMeterThread: Thread finished: Prompt Copy QPS Load 1-61
2026-04-22 22:14:10,346 INFO o.a.j.t.JMeterThread: Stopping because end time detected by thread: Prompt Copy QPS Load 1-127
2026-04-22 22:14:10,346 INFO o.a.j.t.JMeterThread: Stopping because end time detected by thread: Prompt Copy QPS Load 1-146
2026-04-22 22:14:10,346 INFO o.a.j.t.JMeterThread: Stopping because end time detected by thread: Prompt Copy QPS Load 1-31
2026-04-22 22:14:10,346 INFO o.a.j.t.JMeterThread: Stopping because end time detected by thread: Prompt Copy QPS Load 1-160
2026-04-22 22:14:10,346 INFO o.a.j.t.JMeterThread: Stopping because end time detected by thread: Prompt Copy QPS Load 1-151
2026-04-22 22:14:10,346 INFO o.a.j.t.JMeterThread: Thread finished: Prompt Copy QPS Load 1-127
2026-04-22 22:14:10,346 INFO o.a.j.t.JMeterThread: Stopping because end time detected by thread: Prompt Copy QPS Load 1-18
2026-04-22 22:14:10,346 INFO o.a.j.t.JMeterThread: Thread finished: Prompt Copy QPS Load 1-151
2026-04-22 22:14:10,346 INFO o.a.j.t.JMeterThread: Thread finished: Prompt Copy QPS Load 1-160
2026-04-22 22:14:10,347 INFO o.a.j.t.JMeterThread: Thread finished: Prompt Copy QPS Load 1-18
2026-04-22 22:14:10,346 INFO o.a.j.t.JMeterThread: Thread finished: Prompt Copy QPS Load 1-146
2026-04-22 22:14:10,347 INFO o.a.j.t.JMeterThread: Thread finished: Prompt Copy QPS Load 1-31
2026-04-22 22:14:10,350 INFO o.a.j.t.JMeterThread: Stopping because end time detected by thread: Prompt Copy QPS Load 1-98
2026-04-22 22:14:10,350 INFO o.a.j.t.JMeterThread: Thread finished: Prompt Copy QPS Load 1-98
2026-04-22 22:14:10,350 INFO o.a.j.t.JMeterThread: Stopping because end time detected by thread: Prompt Copy QPS Load 1-105
2026-04-22 22:14:10,350 INFO o.a.j.t.JMeterThread: Stopping because end time detected by thread: Prompt Copy QPS Load 1-138
2026-04-22 22:14:10,350 INFO o.a.j.t.JMeterThread: Thread finished: Prompt Copy QPS Load 1-105
2026-04-22 22:14:10,350 INFO o.a.j.t.JMeterThread: Thread finished: Prompt Copy QPS Load 1-138
2026-04-22 22:14:10,350 INFO o.a.j.t.JMeterThread: Stopping because end time detected by thread: Prompt Copy QPS Load 1-21
2026-04-22 22:14:10,350 INFO o.a.j.t.JMeterThread: Thread finished: Prompt Copy QPS Load 1-21
2026-04-22 22:14:10,350 INFO o.a.j.t.JMeterThread: Stopping because end time detected by thread: Prompt Copy QPS Load 1-72
2026-04-22 22:14:10,350 INFO o.a.j.t.JMeterThread: Thread finished: Prompt Copy QPS Load 1-72
2026-04-22 22:14:10,353 INFO o.a.j.t.JMeterThread: Stopping because end time detected by thread: Prompt Copy QPS Load 1-63
2026-04-22 22:14:10,353 INFO o.a.j.t.JMeterThread: Thread finished: Prompt Copy QPS Load 1-63
2026-04-22 22:14:10,353 INFO o.a.j.t.JMeterThread: Stopping because end time detected by thread: Prompt Copy QPS Load 1-128
2026-04-22 22:14:10,353 INFO o.a.j.t.JMeterThread: Stopping because end time detected by thread: Prompt Copy QPS Load 1-103
2026-04-22 22:14:10,353 INFO o.a.j.t.JMeterThread: Stopping because end time detected by thread: Prompt Copy QPS Load 1-102
2026-04-22 22:14:10,353 INFO o.a.j.t.JMeterThread: Stopping because end time detected by thread: Prompt Copy QPS Load 1-3
2026-04-22 22:14:10,353 INFO o.a.j.t.JMeterThread: Thread finished: Prompt Copy QPS Load 1-128
2026-04-22 22:14:10,353 INFO o.a.j.t.JMeterThread: Thread finished: Prompt Copy QPS Load 1-102
2026-04-22 22:14:10,353 INFO o.a.j.t.JMeterThread: Thread finished: Prompt Copy QPS Load 1-103
2026-04-22 22:14:10,353 INFO o.a.j.t.JMeterThread: Stopping because end time detected by thread: Prompt Copy QPS Load 1-166
2026-04-22 22:14:10,353 INFO o.a.j.t.JMeterThread: Stopping because end time detected by thread: Prompt Copy QPS Load 1-70
2026-04-22 22:14:10,353 INFO o.a.j.t.JMeterThread: Thread finished: Prompt Copy QPS Load 1-3
2026-04-22 22:14:10,354 INFO o.a.j.t.JMeterThread: Thread finished: Prompt Copy QPS Load 1-166
2026-04-22 22:14:10,354 INFO o.a.j.t.JMeterThread: Thread finished: Prompt Copy QPS Load 1-70
2026-04-22 22:14:10,356 INFO o.a.j.t.JMeterThread: Stopping because end time detected by thread: Prompt Copy QPS Load 1-60
2026-04-22 22:14:10,356 INFO o.a.j.t.JMeterThread: Thread finished: Prompt Copy QPS Load 1-60
2026-04-22 22:14:10,356 INFO o.a.j.t.JMeterThread: Stopping because end time detected by thread: Prompt Copy QPS Load 1-12
2026-04-22 22:14:10,356 INFO o.a.j.t.JMeterThread: Thread finished: Prompt Copy QPS Load 1-12
2026-04-22 22:14:10,356 INFO o.a.j.t.JMeterThread: Stopping because end time detected by thread: Prompt Copy QPS Load 1-68
2026-04-22 22:14:10,356 INFO o.a.j.t.JMeterThread: Thread finished: Prompt Copy QPS Load 1-68
2026-04-22 22:14:10,356 INFO o.a.j.t.JMeterThread: Stopping because end time detected by thread: Prompt Copy QPS Load 1-89
2026-04-22 22:14:10,356 INFO o.a.j.t.JMeterThread: Thread finished: Prompt Copy QPS Load 1-89
2026-04-22 22:14:10,356 INFO o.a.j.t.JMeterThread: Stopping because end time detected by thread: Prompt Copy QPS Load 1-85
2026-04-22 22:14:10,356 INFO o.a.j.t.JMeterThread: Stopping because end time detected by thread: Prompt Copy QPS Load 1-107
2026-04-22 22:14:10,357 INFO o.a.j.t.JMeterThread: Thread finished: Prompt Copy QPS Load 1-85
2026-04-22 22:14:10,357 INFO o.a.j.t.JMeterThread: Thread finished: Prompt Copy QPS Load 1-107
2026-04-22 22:14:10,357 INFO o.a.j.t.JMeterThread: Stopping because end time detected by thread: Prompt Copy QPS Load 1-149
2026-04-22 22:14:10,357 INFO o.a.j.t.JMeterThread: Stopping because end time detected by thread: Prompt Copy QPS Load 1-190
2026-04-22 22:14:10,357 INFO o.a.j.t.JMeterThread: Stopping because end time detected by thread: Prompt Copy QPS Load 1-158
2026-04-22 22:14:10,357 INFO o.a.j.t.JMeterThread: Stopping because end time detected by thread: Prompt Copy QPS Load 1-23
2026-04-22 22:14:10,357 INFO o.a.j.t.JMeterThread: Stopping because end time detected by thread: Prompt Copy QPS Load 1-184
2026-04-22 22:14:10,357 INFO o.a.j.t.JMeterThread: Thread finished: Prompt Copy QPS Load 1-149
2026-04-22 22:14:10,357 INFO o.a.j.t.JMeterThread: Stopping because end time detected by thread: Prompt Copy QPS Load 1-44
2026-04-22 22:14:10,357 INFO o.a.j.t.JMeterThread: Stopping because end time detected by thread: Prompt Copy QPS Load 1-195
2026-04-22 22:14:10,357 INFO o.a.j.t.JMeterThread: Stopping because end time detected by thread: Prompt Copy QPS Load 1-56
2026-04-22 22:14:10,357 INFO o.a.j.t.JMeterThread: Thread finished: Prompt Copy QPS Load 1-44
2026-04-22 22:14:10,357 INFO o.a.j.t.JMeterThread: Stopping because end time detected by thread: Prompt Copy QPS Load 1-79
2026-04-22 22:14:10,357 INFO o.a.j.t.JMeterThread: Thread finished: Prompt Copy QPS Load 1-158
2026-04-22 22:14:10,357 INFO o.a.j.t.JMeterThread: Thread finished: Prompt Copy QPS Load 1-79
2026-04-22 22:14:10,357 INFO o.a.j.t.JMeterThread: Stopping because end time detected by thread: Prompt Copy QPS Load 1-40
2026-04-22 22:14:10,357 INFO o.a.j.t.JMeterThread: Stopping because end time detected by thread: Prompt Copy QPS Load 1-36
2026-04-22 22:14:10,357 INFO o.a.j.t.JMeterThread: Thread finished: Prompt Copy QPS Load 1-40
2026-04-22 22:14:10,357 INFO o.a.j.t.JMeterThread: Thread finished: Prompt Copy QPS Load 1-36
2026-04-22 22:14:10,357 INFO o.a.j.t.JMeterThread: Stopping because end time detected by thread: Prompt Copy QPS Load 1-142
2026-04-22 22:14:10,357 INFO o.a.j.t.JMeterThread: Thread finished: Prompt Copy QPS Load 1-190
2026-04-22 22:14:10,357 INFO o.a.j.t.JMeterThread: Stopping because end time detected by thread: Prompt Copy QPS Load 1-111
2026-04-22 22:14:10,357 INFO o.a.j.t.JMeterThread: Stopping because end time detected by thread: Prompt Copy QPS Load 1-169
2026-04-22 22:14:10,357 INFO o.a.j.t.JMeterThread: Stopping because end time detected by thread: Prompt Copy QPS Load 1-74
2026-04-22 22:14:10,357 INFO o.a.j.t.JMeterThread: Thread finished: Prompt Copy QPS Load 1-169
2026-04-22 22:14:10,357 INFO o.a.j.t.JMeterThread: Thread finished: Prompt Copy QPS Load 1-74
2026-04-22 22:14:10,357 INFO o.a.j.t.JMeterThread: Stopping because end time detected by thread: Prompt Copy QPS Load 1-154
2026-04-22 22:14:10,357 INFO o.a.j.t.JMeterThread: Stopping because end time detected by thread: Prompt Copy QPS Load 1-109
2026-04-22 22:14:10,357 INFO o.a.j.t.JMeterThread: Stopping because end time detected by thread: Prompt Copy QPS Load 1-99
2026-04-22 22:14:10,357 INFO o.a.j.t.JMeterThread: Thread finished: Prompt Copy QPS Load 1-195
2026-04-22 22:14:10,358 INFO o.a.j.t.JMeterThread: Thread finished: Prompt Copy QPS Load 1-99
2026-04-22 22:14:10,357 INFO o.a.j.t.JMeterThread: Stopping because end time detected by thread: Prompt Copy QPS Load 1-20
2026-04-22 22:14:10,357 INFO o.a.j.t.JMeterThread: Stopping because end time detected by thread: Prompt Copy QPS Load 1-5
2026-04-22 22:14:10,357 INFO o.a.j.t.JMeterThread: Thread finished: Prompt Copy QPS Load 1-184
2026-04-22 22:14:10,357 INFO o.a.j.t.JMeterThread: Stopping because end time detected by thread: Prompt Copy QPS Load 1-140
2026-04-22 22:14:10,358 INFO o.a.j.t.JMeterThread: Thread finished: Prompt Copy QPS Load 1-5
2026-04-22 22:14:10,358 INFO o.a.j.t.JMeterThread: Thread finished: Prompt Copy QPS Load 1-56
2026-04-22 22:14:10,358 INFO o.a.j.t.JMeterThread: Thread finished: Prompt Copy QPS Load 1-20
2026-04-22 22:14:10,358 INFO o.a.j.t.JMeterThread: Thread finished: Prompt Copy QPS Load 1-109
2026-04-22 22:14:10,358 INFO o.a.j.t.JMeterThread: Thread finished: Prompt Copy QPS Load 1-154
2026-04-22 22:14:10,357 INFO o.a.j.t.JMeterThread: Thread finished: Prompt Copy QPS Load 1-111
2026-04-22 22:14:10,357 INFO o.a.j.t.JMeterThread: Thread finished: Prompt Copy QPS Load 1-142
2026-04-22 22:14:10,357 INFO o.a.j.t.JMeterThread: Thread finished: Prompt Copy QPS Load 1-23
2026-04-22 22:14:10,358 INFO o.a.j.t.JMeterThread: Thread finished: Prompt Copy QPS Load 1-140
2026-04-22 22:14:10,359 INFO o.a.j.t.JMeterThread: Stopping because end time detected by thread: Prompt Copy QPS Load 1-187
2026-04-22 22:14:10,359 INFO o.a.j.t.JMeterThread: Stopping because end time detected by thread: Prompt Copy QPS Load 1-19
2026-04-22 22:14:10,359 INFO o.a.j.t.JMeterThread: Stopping because end time detected by thread: Prompt Copy QPS Load 1-104
2026-04-22 22:14:10,359 INFO o.a.j.t.JMeterThread: Thread finished: Prompt Copy QPS Load 1-19
2026-04-22 22:14:10,359 INFO o.a.j.t.JMeterThread: Thread finished: Prompt Copy QPS Load 1-104
2026-04-22 22:14:10,359 INFO o.a.j.t.JMeterThread: Thread finished: Prompt Copy QPS Load 1-187
2026-04-22 22:14:10,360 INFO o.a.j.t.JMeterThread: Stopping because end time detected by thread: Prompt Copy QPS Load 1-156
2026-04-22 22:14:10,360 INFO o.a.j.t.JMeterThread: Thread finished: Prompt Copy QPS Load 1-156
2026-04-22 22:14:10,362 INFO o.a.j.t.JMeterThread: Stopping because end time detected by thread: Prompt Copy QPS Load 1-69
2026-04-22 22:14:10,363 INFO o.a.j.t.JMeterThread: Stopping because end time detected by thread: Prompt Copy QPS Load 1-42
2026-04-22 22:14:10,363 INFO o.a.j.t.JMeterThread: Stopping because end time detected by thread: Prompt Copy QPS Load 1-81
2026-04-22 22:14:10,363 INFO o.a.j.t.JMeterThread: Thread finished: Prompt Copy QPS Load 1-69
2026-04-22 22:14:10,363 INFO o.a.j.t.JMeterThread: Stopping because end time detected by thread: Prompt Copy QPS Load 1-183
2026-04-22 22:14:10,363 INFO o.a.j.t.JMeterThread: Stopping because end time detected by thread: Prompt Copy QPS Load 1-129
2026-04-22 22:14:10,363 INFO o.a.j.t.JMeterThread: Stopping because end time detected by thread: Prompt Copy QPS Load 1-167
2026-04-22 22:14:10,363 INFO o.a.j.t.JMeterThread: Thread finished: Prompt Copy QPS Load 1-167
2026-04-22 22:14:10,363 INFO o.a.j.t.JMeterThread: Stopping because end time detected by thread: Prompt Copy QPS Load 1-173
2026-04-22 22:14:10,363 INFO o.a.j.t.JMeterThread: Thread finished: Prompt Copy QPS Load 1-129
2026-04-22 22:14:10,363 INFO o.a.j.t.JMeterThread: Stopping because end time detected by thread: Prompt Copy QPS Load 1-172
2026-04-22 22:14:10,363 INFO o.a.j.t.JMeterThread: Stopping because end time detected by thread: Prompt Copy QPS Load 1-181
2026-04-22 22:14:10,363 INFO o.a.j.t.JMeterThread: Thread finished: Prompt Copy QPS Load 1-172
2026-04-22 22:14:10,363 INFO o.a.j.t.JMeterThread: Thread finished: Prompt Copy QPS Load 1-183
2026-04-22 22:14:10,363 INFO o.a.j.t.JMeterThread: Thread finished: Prompt Copy QPS Load 1-181
2026-04-22 22:14:10,363 INFO o.a.j.t.JMeterThread: Stopping because end time detected by thread: Prompt Copy QPS Load 1-106
2026-04-22 22:14:10,363 INFO o.a.j.t.JMeterThread: Thread finished: Prompt Copy QPS Load 1-81
2026-04-22 22:14:10,363 INFO o.a.j.t.JMeterThread: Thread finished: Prompt Copy QPS Load 1-42
2026-04-22 22:14:10,363 INFO o.a.j.t.JMeterThread: Stopping because end time detected by thread: Prompt Copy QPS Load 1-132
2026-04-22 22:14:10,363 INFO o.a.j.t.JMeterThread: Thread finished: Prompt Copy QPS Load 1-106
2026-04-22 22:14:10,364 INFO o.a.j.t.JMeterThread: Thread finished: Prompt Copy QPS Load 1-132
2026-04-22 22:14:10,363 INFO o.a.j.t.JMeterThread: Thread finished: Prompt Copy QPS Load 1-173
2026-04-22 22:14:10,364 INFO o.a.j.t.JMeterThread: Stopping because end time detected by thread: Prompt Copy QPS Load 1-121
2026-04-22 22:14:10,364 INFO o.a.j.t.JMeterThread: Thread finished: Prompt Copy QPS Load 1-121
2026-04-22 22:14:10,364 INFO o.a.j.t.JMeterThread: Stopping because end time detected by thread: Prompt Copy QPS Load 1-47
2026-04-22 22:14:10,364 INFO o.a.j.t.JMeterThread: Stopping because end time detected by thread: Prompt Copy QPS Load 1-148
2026-04-22 22:14:10,364 INFO o.a.j.t.JMeterThread: Thread finished: Prompt Copy QPS Load 1-47
2026-04-22 22:14:10,364 INFO o.a.j.t.JMeterThread: Thread finished: Prompt Copy QPS Load 1-148
2026-04-22 22:14:10,364 INFO o.a.j.t.JMeterThread: Stopping because end time detected by thread: Prompt Copy QPS Load 1-52
2026-04-22 22:14:10,364 INFO o.a.j.t.JMeterThread: Thread finished: Prompt Copy QPS Load 1-52
2026-04-22 22:14:10,364 INFO o.a.j.t.JMeterThread: Stopping because end time detected by thread: Prompt Copy QPS Load 1-194
2026-04-22 22:14:10,364 INFO o.a.j.t.JMeterThread: Thread finished: Prompt Copy QPS Load 1-194
2026-04-22 22:14:10,364 INFO o.a.j.t.JMeterThread: Stopping because end time detected by thread: Prompt Copy QPS Load 1-126
2026-04-22 22:14:10,364 INFO o.a.j.t.JMeterThread: Stopping because end time detected by thread: Prompt Copy QPS Load 1-177
2026-04-22 22:14:10,365 INFO o.a.j.t.JMeterThread: Thread finished: Prompt Copy QPS Load 1-126
2026-04-22 22:14:10,365 INFO o.a.j.t.JMeterThread: Thread finished: Prompt Copy QPS Load 1-177
2026-04-22 22:14:10,364 INFO o.a.j.t.JMeterThread: Stopping because end time detected by thread: Prompt Copy QPS Load 1-78
2026-04-22 22:14:10,365 INFO o.a.j.t.JMeterThread: Stopping because end time detected by thread: Prompt Copy QPS Load 1-119
2026-04-22 22:14:10,365 INFO o.a.j.t.JMeterThread: Thread finished: Prompt Copy QPS Load 1-78
2026-04-22 22:14:10,364 INFO o.a.j.t.JMeterThread: Stopping because end time detected by thread: Prompt Copy QPS Load 1-175
2026-04-22 22:14:10,364 INFO o.a.j.t.JMeterThread: Stopping because end time detected by thread: Prompt Copy QPS Load 1-71
2026-04-22 22:14:10,365 INFO o.a.j.t.JMeterThread: Thread finished: Prompt Copy QPS Load 1-119
2026-04-22 22:14:10,365 INFO o.a.j.t.JMeterThread: Thread finished: Prompt Copy QPS Load 1-71
2026-04-22 22:14:10,365 INFO o.a.j.t.JMeterThread: Stopping because end time detected by thread: Prompt Copy QPS Load 1-51
2026-04-22 22:14:10,365 INFO o.a.j.t.JMeterThread: Stopping because end time detected by thread: Prompt Copy QPS Load 1-137
2026-04-22 22:14:10,365 INFO o.a.j.t.JMeterThread: Thread finished: Prompt Copy QPS Load 1-175
2026-04-22 22:14:10,365 INFO o.a.j.t.JMeterThread: Stopping because end time detected by thread: Prompt Copy QPS Load 1-75
2026-04-22 22:14:10,365 INFO o.a.j.t.JMeterThread: Stopping because end time detected by thread: Prompt Copy QPS Load 1-182
2026-04-22 22:14:10,365 INFO o.a.j.t.JMeterThread: Thread finished: Prompt Copy QPS Load 1-51
2026-04-22 22:14:10,365 INFO o.a.j.t.JMeterThread: Stopping because end time detected by thread: Prompt Copy QPS Load 1-95
2026-04-22 22:14:10,365 INFO o.a.j.t.JMeterThread: Stopping because end time detected by thread: Prompt Copy QPS Load 1-86
2026-04-22 22:14:10,365 INFO o.a.j.t.JMeterThread: Thread finished: Prompt Copy QPS Load 1-137
2026-04-22 22:14:10,365 INFO o.a.j.t.JMeterThread: Thread finished: Prompt Copy QPS Load 1-182
2026-04-22 22:14:10,365 INFO o.a.j.t.JMeterThread: Stopping because end time detected by thread: Prompt Copy QPS Load 1-76
2026-04-22 22:14:10,365 INFO o.a.j.t.JMeterThread: Stopping because end time detected by thread: Prompt Copy QPS Load 1-145
2026-04-22 22:14:10,365 INFO o.a.j.t.JMeterThread: Thread finished: Prompt Copy QPS Load 1-86
2026-04-22 22:14:10,365 INFO o.a.j.t.JMeterThread: Thread finished: Prompt Copy QPS Load 1-75
2026-04-22 22:14:10,365 INFO o.a.j.t.JMeterThread: Thread finished: Prompt Copy QPS Load 1-95
2026-04-22 22:14:10,365 INFO o.a.j.t.JMeterThread: Thread finished: Prompt Copy QPS Load 1-145
2026-04-22 22:14:10,365 INFO o.a.j.t.JMeterThread: Thread finished: Prompt Copy QPS Load 1-76
2026-04-22 22:14:10,367 INFO o.a.j.t.JMeterThread: Stopping because end time detected by thread: Prompt Copy QPS Load 1-123
2026-04-22 22:14:10,367 INFO o.a.j.t.JMeterThread: Stopping because end time detected by thread: Prompt Copy QPS Load 1-161
2026-04-22 22:14:10,367 INFO o.a.j.t.JMeterThread: Stopping because end time detected by thread: Prompt Copy QPS Load 1-164
2026-04-22 22:14:10,367 INFO o.a.j.t.JMeterThread: Thread finished: Prompt Copy QPS Load 1-123
2026-04-22 22:14:10,367 INFO o.a.j.t.JMeterThread: Thread finished: Prompt Copy QPS Load 1-161
2026-04-22 22:14:10,367 INFO o.a.j.t.JMeterThread: Stopping because end time detected by thread: Prompt Copy QPS Load 1-117
2026-04-22 22:14:10,367 INFO o.a.j.t.JMeterThread: Thread finished: Prompt Copy QPS Load 1-164
2026-04-22 22:14:10,367 INFO o.a.j.t.JMeterThread: Thread finished: Prompt Copy QPS Load 1-117
2026-04-22 22:14:10,367 INFO o.a.j.t.JMeterThread: Stopping because end time detected by thread: Prompt Copy QPS Load 1-80
2026-04-22 22:14:10,367 INFO o.a.j.t.JMeterThread: Stopping because end time detected by thread: Prompt Copy QPS Load 1-143
2026-04-22 22:14:10,367 INFO o.a.j.t.JMeterThread: Thread finished: Prompt Copy QPS Load 1-80
2026-04-22 22:14:10,367 INFO o.a.j.t.JMeterThread: Thread finished: Prompt Copy QPS Load 1-143
2026-04-22 22:14:10,369 INFO o.a.j.t.JMeterThread: Stopping because end time detected by thread: Prompt Copy QPS Load 1-115
2026-04-22 22:14:10,369 INFO o.a.j.t.JMeterThread: Stopping because end time detected by thread: Prompt Copy QPS Load 1-113
2026-04-22 22:14:10,369 INFO o.a.j.t.JMeterThread: Stopping because end time detected by thread: Prompt Copy QPS Load 1-139
2026-04-22 22:14:10,369 INFO o.a.j.t.JMeterThread: Stopping because end time detected by thread: Prompt Copy QPS Load 1-165
2026-04-22 22:14:10,369 INFO o.a.j.t.JMeterThread: Thread finished: Prompt Copy QPS Load 1-113
2026-04-22 22:14:10,369 INFO o.a.j.t.JMeterThread: Stopping because end time detected by thread: Prompt Copy QPS Load 1-120
2026-04-22 22:14:10,369 INFO o.a.j.t.JMeterThread: Thread finished: Prompt Copy QPS Load 1-139
2026-04-22 22:14:10,369 INFO o.a.j.t.JMeterThread: Thread finished: Prompt Copy QPS Load 1-115
2026-04-22 22:14:10,369 INFO o.a.j.t.JMeterThread: Thread finished: Prompt Copy QPS Load 1-165
2026-04-22 22:14:10,369 INFO o.a.j.t.JMeterThread: Stopping because end time detected by thread: Prompt Copy QPS Load 1-96
2026-04-22 22:14:10,369 INFO o.a.j.t.JMeterThread: Stopping because end time detected by thread: Prompt Copy QPS Load 1-108
2026-04-22 22:14:10,369 INFO o.a.j.t.JMeterThread: Thread finished: Prompt Copy QPS Load 1-120
2026-04-22 22:14:10,369 INFO o.a.j.t.JMeterThread: Thread finished: Prompt Copy QPS Load 1-96
2026-04-22 22:14:10,369 INFO o.a.j.t.JMeterThread: Thread finished: Prompt Copy QPS Load 1-108
2026-04-22 22:14:10,370 INFO o.a.j.t.JMeterThread: Stopping because end time detected by thread: Prompt Copy QPS Load 1-144
2026-04-22 22:14:10,370 INFO o.a.j.t.JMeterThread: Stopping because end time detected by thread: Prompt Copy QPS Load 1-131
2026-04-22 22:14:10,370 INFO o.a.j.t.JMeterThread: Stopping because end time detected by thread: Prompt Copy QPS Load 1-153
2026-04-22 22:14:10,370 INFO o.a.j.t.JMeterThread: Stopping because end time detected by thread: Prompt Copy QPS Load 1-171
2026-04-22 22:14:10,370 INFO o.a.j.t.JMeterThread: Stopping because end time detected by thread: Prompt Copy QPS Load 1-179
2026-04-22 22:14:10,370 INFO o.a.j.t.JMeterThread: Thread finished: Prompt Copy QPS Load 1-171
2026-04-22 22:14:10,370 INFO o.a.j.t.JMeterThread: Stopping because end time detected by thread: Prompt Copy QPS Load 1-186
2026-04-22 22:14:10,370 INFO o.a.j.t.JMeterThread: Stopping because end time detected by thread: Prompt Copy QPS Load 1-163
2026-04-22 22:14:10,370 INFO o.a.j.t.JMeterThread: Thread finished: Prompt Copy QPS Load 1-186
2026-04-22 22:14:10,371 INFO o.a.j.t.JMeterThread: Stopping because end time detected by thread: Prompt Copy QPS Load 1-199
2026-04-22 22:14:10,371 INFO o.a.j.t.JMeterThread: Thread finished: Prompt Copy QPS Load 1-179
2026-04-22 22:14:10,370 INFO o.a.j.t.JMeterThread: Thread finished: Prompt Copy QPS Load 1-153
2026-04-22 22:14:10,370 INFO o.a.j.t.JMeterThread: Stopping because end time detected by thread: Prompt Copy QPS Load 1-93
2026-04-22 22:14:10,370 INFO o.a.j.t.JMeterThread: Thread finished: Prompt Copy QPS Load 1-144
2026-04-22 22:14:10,371 INFO o.a.j.t.JMeterThread: Thread finished: Prompt Copy QPS Load 1-93
2026-04-22 22:14:10,371 INFO o.a.j.t.JMeterThread: Thread finished: Prompt Copy QPS Load 1-199
2026-04-22 22:14:10,371 INFO o.a.j.t.JMeterThread: Thread finished: Prompt Copy QPS Load 1-163
2026-04-22 22:14:10,370 INFO o.a.j.t.JMeterThread: Stopping because end time detected by thread: Prompt Copy QPS Load 1-118
2026-04-22 22:14:10,370 INFO o.a.j.t.JMeterThread: Stopping because end time detected by thread: Prompt Copy QPS Load 1-135
2026-04-22 22:14:10,370 INFO o.a.j.t.JMeterThread: Stopping because end time detected by thread: Prompt Copy QPS Load 1-174
2026-04-22 22:14:10,370 INFO o.a.j.t.JMeterThread: Stopping because end time detected by thread: Prompt Copy QPS Load 1-176
2026-04-22 22:14:10,370 INFO o.a.j.t.JMeterThread: Stopping because end time detected by thread: Prompt Copy QPS Load 1-97
2026-04-22 22:14:10,370 INFO o.a.j.t.JMeterThread: Stopping because end time detected by thread: Prompt Copy QPS Load 1-141
2026-04-22 22:14:10,371 INFO o.a.j.t.JMeterThread: Thread finished: Prompt Copy QPS Load 1-97
2026-04-22 22:14:10,371 INFO o.a.j.t.JMeterThread: Thread finished: Prompt Copy QPS Load 1-176
2026-04-22 22:14:10,371 INFO o.a.j.t.JMeterThread: Thread finished: Prompt Copy QPS Load 1-141
2026-04-22 22:14:10,371 INFO o.a.j.t.JMeterThread: Thread finished: Prompt Copy QPS Load 1-174
2026-04-22 22:14:10,371 INFO o.a.j.t.JMeterThread: Thread finished: Prompt Copy QPS Load 1-135
2026-04-22 22:14:10,371 INFO o.a.j.t.JMeterThread: Thread finished: Prompt Copy QPS Load 1-118
2026-04-22 22:14:10,371 INFO o.a.j.t.JMeterThread: Thread finished: Prompt Copy QPS Load 1-131
2026-04-22 22:14:10,372 INFO o.a.j.t.JMeterThread: Stopping because end time detected by thread: Prompt Copy QPS Load 1-133
2026-04-22 22:14:10,372 INFO o.a.j.t.JMeterThread: Stopping because end time detected by thread: Prompt Copy QPS Load 1-130
2026-04-22 22:14:10,372 INFO o.a.j.t.JMeterThread: Stopping because end time detected by thread: Prompt Copy QPS Load 1-147
2026-04-22 22:14:10,372 INFO o.a.j.t.JMeterThread: Stopping because end time detected by thread: Prompt Copy QPS Load 1-189
2026-04-22 22:14:10,372 INFO o.a.j.t.JMeterThread: Stopping because end time detected by thread: Prompt Copy QPS Load 1-110
2026-04-22 22:14:10,372 INFO o.a.j.t.JMeterThread: Stopping because end time detected by thread: Prompt Copy QPS Load 1-134
2026-04-22 22:14:10,372 INFO o.a.j.t.JMeterThread: Stopping because end time detected by thread: Prompt Copy QPS Load 1-162
2026-04-22 22:14:10,372 INFO o.a.j.t.JMeterThread: Thread finished: Prompt Copy QPS Load 1-133
2026-04-22 22:14:10,372 INFO o.a.j.t.JMeterThread: Thread finished: Prompt Copy QPS Load 1-189
2026-04-22 22:14:10,372 INFO o.a.j.t.JMeterThread: Thread finished: Prompt Copy QPS Load 1-134
2026-04-22 22:14:10,372 INFO o.a.j.t.JMeterThread: Thread finished: Prompt Copy QPS Load 1-110
2026-04-22 22:14:10,372 INFO o.a.j.t.JMeterThread: Thread finished: Prompt Copy QPS Load 1-147
2026-04-22 22:14:10,372 INFO o.a.j.t.JMeterThread: Thread finished: Prompt Copy QPS Load 1-130
2026-04-22 22:14:10,372 INFO o.a.j.t.JMeterThread: Stopping because end time detected by thread: Prompt Copy QPS Load 1-155
2026-04-22 22:14:10,372 INFO o.a.j.t.JMeterThread: Stopping because end time detected by thread: Prompt Copy QPS Load 1-170
2026-04-22 22:14:10,372 INFO o.a.j.t.JMeterThread: Thread finished: Prompt Copy QPS Load 1-162
2026-04-22 22:14:10,372 INFO o.a.j.t.JMeterThread: Thread finished: Prompt Copy QPS Load 1-155
2026-04-22 22:14:10,372 INFO o.a.j.t.JMeterThread: Thread finished: Prompt Copy QPS Load 1-170
2026-04-22 22:14:10,372 INFO o.a.j.t.JMeterThread: Stopping because end time detected by thread: Prompt Copy QPS Load 1-152
2026-04-22 22:14:10,372 INFO o.a.j.t.JMeterThread: Stopping because end time detected by thread: Prompt Copy QPS Load 1-159
2026-04-22 22:14:10,372 INFO o.a.j.t.JMeterThread: Stopping because end time detected by thread: Prompt Copy QPS Load 1-150
2026-04-22 22:14:10,372 INFO o.a.j.t.JMeterThread: Thread finished: Prompt Copy QPS Load 1-152
2026-04-22 22:14:10,372 INFO o.a.j.t.JMeterThread: Thread finished: Prompt Copy QPS Load 1-159
2026-04-22 22:14:10,373 INFO o.a.j.t.JMeterThread: Thread finished: Prompt Copy QPS Load 1-150
2026-04-22 22:14:10,373 INFO o.a.j.t.JMeterThread: Stopping because end time detected by thread: Prompt Copy QPS Load 1-157
2026-04-22 22:14:10,373 INFO o.a.j.t.JMeterThread: Thread finished: Prompt Copy QPS Load 1-157
2026-04-22 22:14:10,374 INFO o.a.j.t.JMeterThread: Stopping because end time detected by thread: Prompt Copy QPS Load 1-188
2026-04-22 22:14:10,374 INFO o.a.j.t.JMeterThread: Stopping because end time detected by thread: Prompt Copy QPS Load 1-192
2026-04-22 22:14:10,374 INFO o.a.j.t.JMeterThread: Thread finished: Prompt Copy QPS Load 1-188
2026-04-22 22:14:10,374 INFO o.a.j.t.JMeterThread: Stopping because end time detected by thread: Prompt Copy QPS Load 1-197
2026-04-22 22:14:10,374 INFO o.a.j.t.JMeterThread: Stopping because end time detected by thread: Prompt Copy QPS Load 1-178
2026-04-22 22:14:10,374 INFO o.a.j.t.JMeterThread: Stopping because end time detected by thread: Prompt Copy QPS Load 1-168
2026-04-22 22:14:10,374 INFO o.a.j.t.JMeterThread: Stopping because end time detected by thread: Prompt Copy QPS Load 1-193
2026-04-22 22:14:10,374 INFO o.a.j.t.JMeterThread: Thread finished: Prompt Copy QPS Load 1-192
2026-04-22 22:14:10,374 INFO o.a.j.t.JMeterThread: Thread finished: Prompt Copy QPS Load 1-193
2026-04-22 22:14:10,374 INFO o.a.j.t.JMeterThread: Thread finished: Prompt Copy QPS Load 1-168
2026-04-22 22:14:10,374 INFO o.a.j.t.JMeterThread: Stopping because end time detected by thread: Prompt Copy QPS Load 1-196
2026-04-22 22:14:10,374 INFO o.a.j.t.JMeterThread: Stopping because end time detected by thread: Prompt Copy QPS Load 1-180
2026-04-22 22:14:10,374 INFO o.a.j.t.JMeterThread: Thread finished: Prompt Copy QPS Load 1-180
2026-04-22 22:14:10,374 INFO o.a.j.t.JMeterThread: Thread finished: Prompt Copy QPS Load 1-178
2026-04-22 22:14:10,374 INFO o.a.j.t.JMeterThread: Thread finished: Prompt Copy QPS Load 1-197
2026-04-22 22:14:10,374 INFO o.a.j.t.JMeterThread: Thread finished: Prompt Copy QPS Load 1-196
2026-04-22 22:14:10,374 INFO o.a.j.t.JMeterThread: Stopping because end time detected by thread: Prompt Copy QPS Load 1-200
2026-04-22 22:14:10,374 INFO o.a.j.t.JMeterThread: Thread finished: Prompt Copy QPS Load 1-200
2026-04-22 22:14:10,374 INFO o.a.j.t.JMeterThread: Stopping because end time detected by thread: Prompt Copy QPS Load 1-191
2026-04-22 22:14:10,375 INFO o.a.j.t.JMeterThread: Thread finished: Prompt Copy QPS Load 1-191
2026-04-22 22:14:10,375 INFO o.a.j.t.JMeterThread: Stopping because end time detected by thread: Prompt Copy QPS Load 1-185
2026-04-22 22:14:10,375 INFO o.a.j.t.JMeterThread: Thread finished: Prompt Copy QPS Load 1-185
2026-04-22 22:14:10,375 INFO o.a.j.t.JMeterThread: Stopping because end time detected by thread: Prompt Copy QPS Load 1-198
2026-04-22 22:14:10,375 INFO o.a.j.t.JMeterThread: Thread finished: Prompt Copy QPS Load 1-198
2026-04-22 22:14:10,376 INFO o.a.j.e.StandardJMeterEngine: Notifying test listeners of end of test
2026-04-22 22:14:10,376 INFO o.a.j.s.FileServer: Close: performance/jmeter/qps/runs/prompt_copy_20260422_215133/prompt_copy_200t_60s_data/interaction_pairs.csv
2026-04-22 22:14:10,378 INFO o.a.j.r.Summariser: summary +  25483 in 00:00:10 = 2456.2/s Avg:    81 Min:    21 Max:   131 Err:     0 (0.00%) Active: 0 Started: 200 Finished: 200
2026-04-22 22:14:10,379 INFO o.a.j.r.Summariser: summary = 143201 in 00:01:00 = 2382.4/s Avg:    69 Min:     7 Max:   164 Err:     0 (0.00%)
